<?xml version="1.0" encoding="UTF-8"?>
<testsuite name="hello.GreetingControllerTests" tests="2" skipped="0" failures="0" errors="0" timestamp="2018-05-16T08:23:47" hostname="LAPTOP-65D7E0RR" time="0.264">
  <properties/>
  <testcase name="noParamGreetingShouldReturnDefaultMessage" classname="hello.GreetingControllerTests" time="0.253"/>
  <testcase name="paramGreetingShouldReturnTailoredMessage" classname="hello.GreetingControllerTests" time="0.01"/>
  <system-out><![CDATA[01:23:44.827 [Test worker] DEBUG org.springframework.test.context.junit4.SpringJUnit4ClassRunner - SpringJUnit4ClassRunner constructor called with [class hello.GreetingControllerTests]
01:23:44.835 [Test worker] DEBUG org.springframework.test.context.BootstrapUtils - Instantiating CacheAwareContextLoaderDelegate from class [org.springframework.test.context.cache.DefaultCacheAwareContextLoaderDelegate]
01:23:44.842 [Test worker] DEBUG org.springframework.test.context.BootstrapUtils - Instantiating BootstrapContext using constructor [public org.springframework.test.context.support.DefaultBootstrapContext(java.lang.Class,org.springframework.test.context.CacheAwareContextLoaderDelegate)]
01:23:44.863 [Test worker] DEBUG org.springframework.test.context.BootstrapUtils - Instantiating TestContextBootstrapper for test class [hello.GreetingControllerTests] from class [org.springframework.boot.test.context.SpringBootTestContextBootstrapper]
01:23:44.874 [Test worker] INFO org.springframework.boot.test.context.SpringBootTestContextBootstrapper - Neither @ContextConfiguration nor @ContextHierarchy found for test class [hello.GreetingControllerTests], using SpringBootContextLoader
01:23:44.877 [Test worker] DEBUG org.springframework.test.context.support.AbstractContextLoader - Did not detect default resource location for test class [hello.GreetingControllerTests]: class path resource [hello/GreetingControllerTests-context.xml] does not exist
01:23:44.878 [Test worker] DEBUG org.springframework.test.context.support.AbstractContextLoader - Did not detect default resource location for test class [hello.GreetingControllerTests]: class path resource [hello/GreetingControllerTestsContext.groovy] does not exist
01:23:44.878 [Test worker] INFO org.springframework.test.context.support.AbstractContextLoader - Could not detect default resource locations for test class [hello.GreetingControllerTests]: no resource found for suffixes {-context.xml, Context.groovy}.
01:23:44.879 [Test worker] INFO org.springframework.test.context.support.AnnotationConfigContextLoaderUtils - Could not detect default configuration classes for test class [hello.GreetingControllerTests]: GreetingControllerTests does not declare any static, non-private, non-final, nested classes annotated with @Configuration.
01:23:44.926 [Test worker] DEBUG org.springframework.test.context.support.ActiveProfilesUtils - Could not find an 'annotation declaring class' for annotation type [org.springframework.test.context.ActiveProfiles] and class [hello.GreetingControllerTests]
01:23:44.932 [Test worker] DEBUG org.springframework.core.env.StandardEnvironment - Adding PropertySource 'systemProperties' with lowest search precedence
01:23:44.932 [Test worker] DEBUG org.springframework.core.env.StandardEnvironment - Adding PropertySource 'systemEnvironment' with lowest search precedence
01:23:44.932 [Test worker] DEBUG org.springframework.core.env.StandardEnvironment - Initialized StandardEnvironment with PropertySources [MapPropertySource@1645848623 {name='systemProperties', properties={sun.desktop=windows, awt.toolkit=sun.awt.windows.WToolkit, java.specification.version=9, file.encoding.pkg=sun.io, sun.cpu.isalist=amd64, sun.jnu.encoding=Cp1252, org.gradle.test.worker=1, java.class.path=C:\\Users\\Admin\\.gradle\\caches\\4.6\\workerMain\\gradle-worker.jar;C:\\Users\\Admin\\IdeaProjects\\gs-rest-service-master\\complete\\build\\classes\\java\\test;C:\\Users\\Admin\\IdeaProjects\\gs-rest-service-master\\complete\\build\\resources\\test;C:\\Users\\Admin\\IdeaProjects\\gs-rest-service-master\\complete\\build\\classes\\java\\main;C:\\Users\\Admin\\IdeaProjects\\gs-rest-service-master\\complete\\build\\resources\\main;C:\\Users\\Admin\\.gradle\\caches\\modules-2\\files-2.1\\org.springframework.boot\\spring-boot-starter-web\\2.0.2.RELEASE\\b6ef0cf4d0a7c6c7e93ff524b84cd1d8f87f67d9\\spring-boot-starter-web-2.0.2.RELEASE.jar;C:\\Users\\Admin\\.gradle\\caches\\modules-2\\files-2.1\\org.springframework.boot\\spring-boot-starter-test\\2.0.2.RELEASE\\d9e090412f318586e0f277e24740b79b58ef190b\\spring-boot-starter-test-2.0.2.RELEASE.jar;C:\\Users\\Admin\\.gradle\\caches\\modules-2\\files-2.1\\com.jayway.jsonpath\\json-path\\2.4.0\\765a4401ceb2dc8d40553c2075eb80a8fa35c2ae\\json-path-2.4.0.jar;C:\\Users\\Admin\\.gradle\\caches\\modules-2\\files-2.1\\org.springframework.boot\\spring-boot-starter-json\\2.0.2.RELEASE\\5edda979838ced5314b8f58a958fe9d6b4b3badd\\spring-boot-starter-json-2.0.2.RELEASE.jar;C:\\Users\\Admin\\.gradle\\caches\\modules-2\\files-2.1\\org.springframework.boot\\spring-boot-starter\\2.0.2.RELEASE\\1cda94f0dfcf2b065191782a54b84d2abf96391\\spring-boot-starter-2.0.2.RELEASE.jar;C:\\Users\\Admin\\.gradle\\caches\\modules-2\\files-2.1\\org.springframework.boot\\spring-boot-starter-tomcat\\2.0.2.RELEASE\\cedbfb18762e1c220007c768bfc5b773f5b30f8a\\spring-boot-starter-tomcat-2.0.2.RELEASE.jar;C:\\Users\\Admin\\.gradle\\caches\\modules-2\\files-2.1\\org.hibernate.validator\\hibernate-validator\\6.0.9.Final\\b149e4cce82379f11f6129eb3187ca8ae5404005\\hibernate-validator-6.0.9.Final.jar;C:\\Users\\Admin\\.gradle\\caches\\modules-2\\files-2.1\\org.springframework\\spring-webmvc\\5.0.6.RELEASE\\1361c5d1cf46665ee01de5dc1ca447c3be174c19\\spring-webmvc-5.0.6.RELEASE.jar;C:\\Users\\Admin\\.gradle\\caches\\modules-2\\files-2.1\\org.springframework\\spring-web\\5.0.6.RELEASE\\89e89de3025165998118590613aedc6df8d64af6\\spring-web-5.0.6.RELEASE.jar;C:\\Users\\Admin\\.gradle\\caches\\modules-2\\files-2.1\\org.springframework.boot\\spring-boot-test-autoconfigure\\2.0.2.RELEASE\\4993bdd96a4c02bc5b5703862d99ef4c563f25d0\\spring-boot-test-autoconfigure-2.0.2.RELEASE.jar;C:\\Users\\Admin\\.gradle\\caches\\modules-2\\files-2.1\\org.springframework.boot\\spring-boot-test\\2.0.2.RELEASE\\fc85812e6543312a3b0ea9fbbdfd4a51183380a3\\spring-boot-test-2.0.2.RELEASE.jar;C:\\Users\\Admin\\.gradle\\caches\\modules-2\\files-2.1\\junit\\junit\\4.12\\2973d150c0dc1fefe998f834810d68f278ea58ec\\junit-4.12.jar;C:\\Users\\Admin\\.gradle\\caches\\modules-2\\files-2.1\\org.assertj\\assertj-core\\3.9.1\\c5ce126b15f28d56cd8f960c1a6a058b9c9aea87\\assertj-core-3.9.1.jar;C:\\Users\\Admin\\.gradle\\caches\\modules-2\\files-2.1\\org.mockito\\mockito-core\\2.15.0\\b84bfbbc29cd22c9529409627af6ea2897f4fa85\\mockito-core-2.15.0.jar;C:\\Users\\Admin\\.gradle\\caches\\modules-2\\files-2.1\\org.hamcrest\\hamcrest-library\\1.3\\4785a3c21320980282f9f33d0d1264a69040538f\\hamcrest-library-1.3.jar;C:\\Users\\Admin\\.gradle\\caches\\modules-2\\files-2.1\\org.hamcrest\\hamcrest-core\\1.3\\42a25dc3219429f0e5d060061f71acb49bf010a0\\hamcrest-core-1.3.jar;C:\\Users\\Admin\\.gradle\\caches\\modules-2\\files-2.1\\org.skyscreamer\\jsonassert\\1.5.0\\6c9d5fe2f59da598d9aefc1cfc6528ff3cf32df3\\jsonassert-1.5.0.jar;C:\\Users\\Admin\\.gradle\\caches\\modules-2\\files-2.1\\org.springframework\\spring-test\\5.0.6.RELEASE\\dbc99b288774b2e07d94bc14fe38d556bc3ed34a\\spring-test-5.0.6.RELEASE.jar;C:\\Users\\Admin\\.gradle\\caches\\modules-2\\files-2.1\\org.springframework.boot\\spring-boot-autoconfigure\\2.0.2.RELEASE\\f4b25e753e4955337a138d8b1550236b5efe5b3b\\spring-boot-autoconfigure-2.0.2.RELEASE.jar;C:\\Users\\Admin\\.gradle\\caches\\modules-2\\files-2.1\\org.springframework.boot\\spring-boot\\2.0.2.RELEASE\\15012cf02e9f77938244e554f0598535fdd1cb38\\spring-boot-2.0.2.RELEASE.jar;C:\\Users\\Admin\\.gradle\\caches\\modules-2\\files-2.1\\org.springframework\\spring-context\\5.0.6.RELEASE\\8b73b742ef0ddce04f0f1068f305de240b00ce0d\\spring-context-5.0.6.RELEASE.jar;C:\\Users\\Admin\\.gradle\\caches\\modules-2\\files-2.1\\org.springframework\\spring-expression\\5.0.6.RELEASE\\dec57ae5e6f0dfd4c6cfc199aa13ed268c3e1a65\\spring-expression-5.0.6.RELEASE.jar;C:\\Users\\Admin\\.gradle\\caches\\modules-2\\files-2.1\\org.springframework\\spring-aop\\5.0.6.RELEASE\\74078df698992054c1c1a8f705763a6c7b4b914c\\spring-aop-5.0.6.RELEASE.jar;C:\\Users\\Admin\\.gradle\\caches\\modules-2\\files-2.1\\org.springframework\\spring-beans\\5.0.6.RELEASE\\d609b83cd8a71650a70778cf8d02c9a05b9161fe\\spring-beans-5.0.6.RELEASE.jar;C:\\Users\\Admin\\.gradle\\caches\\modules-2\\files-2.1\\org.springframework\\spring-core\\5.0.6.RELEASE\\984a52455b1be596b7f1a29f62d21d2f483eb764\\spring-core-5.0.6.RELEASE.jar;C:\\Users\\Admin\\.gradle\\caches\\modules-2\\files-2.1\\org.xmlunit\\xmlunit-core\\2.5.1\\4ffdb346572a7356f7521cd3119ce5287d2e339d\\xmlunit-core-2.5.1.jar;C:\\Users\\Admin\\.gradle\\caches\\modules-2\\files-2.1\\net.minidev\\json-smart\\2.3\\7396407491352ce4fa30de92efb158adb76b5b\\json-smart-2.3.jar;C:\\Users\\Admin\\.gradle\\caches\\modules-2\\files-2.1\\org.springframework.boot\\spring-boot-starter-logging\\2.0.2.RELEASE\\b56d7d1931792d6e58dbd41f956912359ba85238\\spring-boot-starter-logging-2.0.2.RELEASE.jar;C:\\Users\\Admin\\.gradle\\caches\\modules-2\\files-2.1\\ch.qos.logback\\logback-classic\\1.2.3\\7c4f3c474fb2c041d8028740440937705ebb473a\\logback-classic-1.2.3.jar;C:\\Users\\Admin\\.gradle\\caches\\modules-2\\files-2.1\\org.apache.logging.log4j\\log4j-to-slf4j\\2.10.0\\f7e631ccf49cfc0aefa4a2a728da7d374c05bd3c\\log4j-to-slf4j-2.10.0.jar;C:\\Users\\Admin\\.gradle\\caches\\modules-2\\files-2.1\\org.slf4j\\jul-to-slf4j\\1.7.25\\af5364cd6679bfffb114f0dec8a157aaa283b76\\jul-to-slf4j-1.7.25.jar;C:\\Users\\Admin\\.gradle\\caches\\modules-2\\files-2.1\\org.slf4j\\slf4j-api\\1.7.25\\da76ca59f6a57ee3102f8f9bd9cee742973efa8a\\slf4j-api-1.7.25.jar;C:\\Users\\Admin\\.gradle\\caches\\modules-2\\files-2.1\\javax.annotation\\javax.annotation-api\\1.3.2\\934c04d3cfef185a8008e7bf34331b79730a9d43\\javax.annotation-api-1.3.2.jar;C:\\Users\\Admin\\.gradle\\caches\\modules-2\\files-2.1\\org.yaml\\snakeyaml\\1.19\\2d998d3d674b172a588e54ab619854d073f555b5\\snakeyaml-1.19.jar;C:\\Users\\Admin\\.gradle\\caches\\modules-2\\files-2.1\\com.fasterxml.jackson.datatype\\jackson-datatype-jdk8\\2.9.5\\23e37f085279ba316c0df923513b81609e1d1f6\\jackson-datatype-jdk8-2.9.5.jar;C:\\Users\\Admin\\.gradle\\caches\\modules-2\\files-2.1\\com.fasterxml.jackson.datatype\\jackson-datatype-jsr310\\2.9.5\\d1f0d11e816bc04e222a261106ca138801841c2d\\jackson-datatype-jsr310-2.9.5.jar;C:\\Users\\Admin\\.gradle\\caches\\modules-2\\files-2.1\\com.fasterxml.jackson.module\\jackson-module-parameter-names\\2.9.5\\f824c60751ffb7bfc3a0d30dfe0e42317d8e67f5\\jackson-module-parameter-names-2.9.5.jar;C:\\Users\\Admin\\.gradle\\caches\\modules-2\\files-2.1\\com.fasterxml.jackson.core\\jackson-databind\\2.9.5\\3490508379d065fe3fcb80042b62f630f7588606\\jackson-databind-2.9.5.jar;C:\\Users\\Admin\\.gradle\\caches\\modules-2\\files-2.1\\org.apache.tomcat.embed\\tomcat-embed-websocket\\8.5.31\\6564e716b89de5eaa0dd234ae7989576503ddf3\\tomcat-embed-websocket-8.5.31.jar;C:\\Users\\Admin\\.gradle\\caches\\modules-2\\files-2.1\\org.apache.tomcat.embed\\tomcat-embed-core\\8.5.31\\f5adf7ed8c34aa005b22b6a2dc7b6796e10e9c79\\tomcat-embed-core-8.5.31.jar;C:\\Users\\Admin\\.gradle\\caches\\modules-2\\files-2.1\\org.apache.tomcat.embed\\tomcat-embed-el\\8.5.31\\3a536e1ac71b82627c3a7408eb38fa0704cb9034\\tomcat-embed-el-8.5.31.jar;C:\\Users\\Admin\\.gradle\\caches\\modules-2\\files-2.1\\javax.validation\\validation-api\\2.0.1.Final\\cb855558e6271b1b32e716d24cb85c7f583ce09e\\validation-api-2.0.1.Final.jar;C:\\Users\\Admin\\.gradle\\caches\\modules-2\\files-2.1\\org.jboss.logging\\jboss-logging\\3.3.2.Final\\3789d00e859632e6c6206adc0c71625559e6e3b0\\jboss-logging-3.3.2.Final.jar;C:\\Users\\Admin\\.gradle\\caches\\modules-2\\files-2.1\\com.fasterxml\\classmate\\1.3.4\\3d5f48f10bbe4eb7bd862f10c0583be2e0053c6\\classmate-1.3.4.jar;C:\\Users\\Admin\\.gradle\\caches\\modules-2\\files-2.1\\net.bytebuddy\\byte-buddy\\1.7.11\\f02857a4e2c66ccbe7aaad6100a0a6c461bce9b3\\byte-buddy-1.7.11.jar;C:\\Users\\Admin\\.gradle\\caches\\modules-2\\files-2.1\\net.bytebuddy\\byte-buddy-agent\\1.7.11\\b425a8933ca07edd03c6dbc8bc3b595fba9780de\\byte-buddy-agent-1.7.11.jar;C:\\Users\\Admin\\.gradle\\caches\\modules-2\\files-2.1\\org.objenesis\\objenesis\\2.6\\639033469776fd37c08358c6b92a4761feb2af4b\\objenesis-2.6.jar;C:\\Users\\Admin\\.gradle\\caches\\modules-2\\files-2.1\\com.vaadin.external.google\\android-json\\0.0.20131108.vaadin1\\fa26d351fe62a6a17f5cda1287c1c6110dec413f\\android-json-0.0.20131108.vaadin1.jar;C:\\Users\\Admin\\.gradle\\caches\\modules-2\\files-2.1\\org.springframework\\spring-jcl\\5.0.6.RELEASE\\295ee4e8657e9c1fd327735c01d5fbce339cc44d\\spring-jcl-5.0.6.RELEASE.jar;C:\\Users\\Admin\\.gradle\\caches\\modules-2\\files-2.1\\net.minidev\\accessors-smart\\1.2\\c592b500269bfde36096641b01238a8350f8aa31\\accessors-smart-1.2.jar;C:\\Users\\Admin\\.gradle\\caches\\modules-2\\files-2.1\\com.fasterxml.jackson.core\\jackson-annotations\\2.9.0\\7c10d545325e3a6e72e06381afe469fd40eb701\\jackson-annotations-2.9.0.jar;C:\\Users\\Admin\\.gradle\\caches\\modules-2\\files-2.1\\com.fasterxml.jackson.core\\jackson-core\\2.9.5\\a22ac51016944b06fd9ffbc9541c6e7ce5eea117\\jackson-core-2.9.5.jar;C:\\Users\\Admin\\.gradle\\caches\\modules-2\\files-2.1\\org.ow2.asm\\asm\\5.0.4\\da08b8cce7bbf903602a25a3a163ae252435795\\asm-5.0.4.jar;C:\\Users\\Admin\\.gradle\\caches\\modules-2\\files-2.1\\ch.qos.logback\\logback-core\\1.2.3\\864344400c3d4d92dfeb0a305dc87d953677c03c\\logback-core-1.2.3.jar;C:\\Users\\Admin\\.gradle\\caches\\modules-2\\files-2.1\\org.apache.logging.log4j\\log4j-api\\2.10.0\\fec5797a55b786184a537abd39c3fa1449d752d6\\log4j-api-2.10.0.jar, java.vm.vendor=Oracle Corporation, sun.arch.data.model=64, user.variant=, java.vendor.url=http://java.oracle.com/, user.timezone=America/Los_Angeles, os.name=Windows 10, java.vm.specification.version=9, user.country=US, sun.java.launcher=SUN_STANDARD, sun.boot.library.path=C:\Program Files\Java\jdk-9.0.4\bin, sun.java.command=worker.org.gradle.process.internal.worker.GradleWorkerMain 'Gradle Test Executor 1', jdk.debug=release, sun.cpu.endian=little, user.home=C:\Users\Admin, user.language=en, java.specification.vendor=Oracle Corporation, org.gradle.native=false, java.home=C:\Program Files\Java\jdk-9.0.4, file.separator=\, java.vm.compressedOopsMode=Zero based, line.separator=
, java.specification.name=Java Platform API Specification, java.vm.specification.vendor=Oracle Corporation, java.awt.graphicsenv=sun.awt.Win32GraphicsEnvironment, user.script=, sun.management.compiler=HotSpot 64-Bit Tiered Compilers, java.runtime.version=9.0.4+11, user.name=Admin, path.separator=;, os.version=10.0, java.runtime.name=Java(TM) SE Runtime Environment, file.encoding=windows-1252, java.vm.name=Java HotSpot(TM) 64-Bit Server VM, java.vendor.url.bug=http://bugreport.java.com/bugreport/, java.io.tmpdir=C:\Users\Admin\AppData\Local\Temp\, java.version=9.0.4, user.dir=C:\Users\Admin\IdeaProjects\gs-rest-service-master\complete, os.arch=amd64, java.vm.specification.name=Java Virtual Machine Specification, java.awt.printerjob=sun.awt.windows.WPrinterJob, sun.os.patch.level=, java.library.path=C:\Program Files\Java\jdk-9.0.4\bin;C:\WINDOWS\Sun\Java\bin;C:\WINDOWS\system32;C:\WINDOWS;C:\Program Files (x86)\Intel\iCLS Client\;C:\Program Files\Intel\iCLS Client\;C:\WINDOWS\system32;C:\WINDOWS;C:\WINDOWS\System32\Wbem;C:\WINDOWS\System32\WindowsPowerShell\v1.0\;C:\Program Files (x86)\Intel\Intel(R) Management Engine Components\DAL;C:\Program Files\Intel\Intel(R) Management Engine Components\DAL;C:\Program Files (x86)\Intel\Intel(R) Management Engine Components\IPT;C:\Program Files\Intel\Intel(R) Management Engine Components\IPT;C:\Program Files\Intel\WiFi\bin\;C:\Program Files\Common Files\Intel\WirelessCommon\;C:\Program Files\Java\jdk-9.0.4\bin\;C:\Program Files\Git\cmd;C:\Program Files\Git\mingw64\bin;C:\Program Files\Git\usr\bin;C:\Program Files\nodejs\;C:\Program Files\PuTTY\;C:\Users\Admin\AppData\Local\Microsoft\WindowsApps;C:\Users\Admin\AppData\Local\Android\Sdk\platform-tools;C:\Users\Admin\AppData\Local\Android\Sdk\tools;C:\Users\Admin\AppData\Roaming\npm;., java.vm.info=mixed mode, java.vendor=Oracle Corporation, java.vm.version=9.0.4+11, sun.io.unicode.encoding=UnicodeLittle, java.class.version=53.0}}, SystemEnvironmentPropertySource@2009902956 {name='systemEnvironment', properties={configsetroot=C:\WINDOWS\ConfigSetRoot, USERDOMAIN_ROAMINGPROFILE=LAPTOP-65D7E0RR, PROCESSOR_LEVEL=6, SESSIONNAME=Console, ALLUSERSPROFILE=C:\ProgramData, PROCESSOR_ARCHITECTURE=AMD64, ANDROID_HOME=C:\Users\Admin\AppData\Local\Android\Sdk, PSModulePath=C:\Program Files\WindowsPowerShell\Modules;C:\WINDOWS\system32\WindowsPowerShell\v1.0\Modules, SystemDrive=C:, =ExitCode=00000000, DIRNAME=C:\Users\Admin\IdeaProjects\gs-rest-service-master\complete\, USERNAME=Admin, CMD_LINE_ARGS=build, ProgramFiles(x86)=C:\Program Files (x86), APP_HOME=C:\Users\Admin\IdeaProjects\gs-rest-service-master\complete\, PATHEXT=.COM;.EXE;.BAT;.CMD;.VBS;.VBE;.JS;.JSE;.WSF;.WSH;.MSC, javapath=C:\Program Files\Java\jdk-9.0.4\bin, UOIPME_REG_PATH=C:\Program Files\Intel Corporation\USB over IP, ProgramData=C:\ProgramData, ProgramW6432=C:\Program Files, HOMEPATH=\Users\Admin, PROCESSOR_IDENTIFIER=Intel64 Family 6 Model 60 Stepping 3, GenuineIntel, ProgramFiles=C:\Program Files, PUBLIC=C:\Users\Public, windir=C:\WINDOWS, =::=::\, _SKIP=2, LOCALAPPDATA=C:\Users\Admin\AppData\Local, USERDOMAIN=LAPTOP-65D7E0RR, LOGONSERVER=\\LAPTOP-65D7E0RR, JAVA_HOME=C:\Program Files\Java\jdk-9.0.4, PROMPT=$P$G, OneDrive=C:\Users\Admin\OneDrive, =C:=C:\Users\Admin\IdeaProjects\gs-rest-service-master\complete, APPDATA=C:\Users\Admin\AppData\Roaming, JAVA_EXE=C:\Program Files\Java\jdk-9.0.4/bin/java.exe, CommonProgramFiles=C:\Program Files\Common Files, Path=C:\Program Files (x86)\Intel\iCLS Client\;C:\Program Files\Intel\iCLS Client\;C:\WINDOWS\system32;C:\WINDOWS;C:\WINDOWS\System32\Wbem;C:\WINDOWS\System32\WindowsPowerShell\v1.0\;C:\Program Files (x86)\Intel\Intel(R) Management Engine Components\DAL;C:\Program Files\Intel\Intel(R) Management Engine Components\DAL;C:\Program Files (x86)\Intel\Intel(R) Management Engine Components\IPT;C:\Program Files\Intel\Intel(R) Management Engine Components\IPT;C:\Program Files\Intel\WiFi\bin\;C:\Program Files\Common Files\Intel\WirelessCommon\;C:\Program Files\Java\jdk-9.0.4\bin\;C:\Program Files\Git\cmd;C:\Program Files\Git\mingw64\bin;C:\Program Files\Git\usr\bin;C:\Program Files\nodejs\;C:\Program Files\PuTTY\;C:\Users\Admin\AppData\Local\Microsoft\WindowsApps;C:\Users\Admin\AppData\Local\Android\Sdk\platform-tools;C:\Users\Admin\AppData\Local\Android\Sdk\tools;C:\Users\Admin\AppData\Roaming\npm, OS=Windows_NT, COMPUTERNAME=LAPTOP-65D7E0RR, PROCESSOR_REVISION=3c03, CLASSPATH=C:\Users\Admin\IdeaProjects\gs-rest-service-master\complete\\gradle\wrapper\gradle-wrapper.jar, CommonProgramW6432=C:\Program Files\Common Files, ComSpec=C:\WINDOWS\system32\cmd.exe, APP_BASE_NAME=gradlew, SystemRoot=C:\WINDOWS, TEMP=C:\Users\Admin\AppData\Local\Temp, HOMEDRIVE=C:, USERPROFILE=C:\Users\Admin, TMP=C:\Users\Admin\AppData\Local\Temp, CommonProgramFiles(x86)=C:\Program Files (x86)\Common Files, NUMBER_OF_PROCESSORS=8, HOME=C:\Users\Admin, ANDROID_AVD_HOME=C:\Users\Admin\.android\avd}}]
01:23:44.946 [Test worker] DEBUG org.springframework.core.io.support.PathMatchingResourcePatternResolver - Resolved classpath location [hello/] to resources [URL [file:/C:/Users/Admin/IdeaProjects/gs-rest-service-master/complete/build/classes/java/test/hello/], URL [file:/C:/Users/Admin/IdeaProjects/gs-rest-service-master/complete/build/classes/java/main/hello/]]
01:23:44.946 [Test worker] DEBUG org.springframework.core.io.support.PathMatchingResourcePatternResolver - Looking for matching resources in directory tree [C:\Users\Admin\IdeaProjects\gs-rest-service-master\complete\build\classes\java\test\hello]
01:23:44.947 [Test worker] DEBUG org.springframework.core.io.support.PathMatchingResourcePatternResolver - Searching directory [C:\Users\Admin\IdeaProjects\gs-rest-service-master\complete\build\classes\java\test\hello] for files matching pattern [C:/Users/Admin/IdeaProjects/gs-rest-service-master/complete/build/classes/java/test/hello/*.class]
01:23:44.950 [Test worker] DEBUG org.springframework.core.io.support.PathMatchingResourcePatternResolver - Looking for matching resources in directory tree [C:\Users\Admin\IdeaProjects\gs-rest-service-master\complete\build\classes\java\main\hello]
01:23:44.950 [Test worker] DEBUG org.springframework.core.io.support.PathMatchingResourcePatternResolver - Searching directory [C:\Users\Admin\IdeaProjects\gs-rest-service-master\complete\build\classes\java\main\hello] for files matching pattern [C:/Users/Admin/IdeaProjects/gs-rest-service-master/complete/build/classes/java/main/hello/*.class]
01:23:44.950 [Test worker] DEBUG org.springframework.core.io.support.PathMatchingResourcePatternResolver - Resolved location pattern [classpath*:hello/*.class] to resources [file [C:\Users\Admin\IdeaProjects\gs-rest-service-master\complete\build\classes\java\test\hello\GreetingControllerTests.class], file [C:\Users\Admin\IdeaProjects\gs-rest-service-master\complete\build\classes\java\main\hello\Application.class], file [C:\Users\Admin\IdeaProjects\gs-rest-service-master\complete\build\classes\java\main\hello\Greeting.class], file [C:\Users\Admin\IdeaProjects\gs-rest-service-master\complete\build\classes\java\main\hello\GreetingController.class]]
01:23:44.985 [Test worker] DEBUG org.springframework.context.annotation.ClassPathScanningCandidateComponentProvider - Identified candidate component class: file [C:\Users\Admin\IdeaProjects\gs-rest-service-master\complete\build\classes\java\main\hello\Application.class]
01:23:44.992 [Test worker] INFO org.springframework.boot.test.context.SpringBootTestContextBootstrapper - Found @SpringBootConfiguration hello.Application for test class hello.GreetingControllerTests
01:23:45.093 [Test worker] DEBUG org.springframework.boot.test.context.SpringBootTestContextBootstrapper - @TestExecutionListeners is not present for class [hello.GreetingControllerTests]: using defaults.
01:23:45.094 [Test worker] INFO org.springframework.boot.test.context.SpringBootTestContextBootstrapper - Loaded default TestExecutionListener class names from location [META-INF/spring.factories]: [org.springframework.boot.test.autoconfigure.restdocs.RestDocsTestExecutionListener, org.springframework.boot.test.autoconfigure.web.client.MockRestServiceServerResetTestExecutionListener, org.springframework.boot.test.autoconfigure.web.servlet.MockMvcPrintOnlyOnFailureTestExecutionListener, org.springframework.boot.test.autoconfigure.web.servlet.WebDriverTestExecutionListener, org.springframework.boot.test.mock.mockito.MockitoTestExecutionListener, org.springframework.boot.test.mock.mockito.ResetMocksTestExecutionListener, org.springframework.test.context.web.ServletTestExecutionListener, org.springframework.test.context.support.DirtiesContextBeforeModesTestExecutionListener, org.springframework.test.context.support.DependencyInjectionTestExecutionListener, org.springframework.test.context.support.DirtiesContextTestExecutionListener, org.springframework.test.context.transaction.TransactionalTestExecutionListener, org.springframework.test.context.jdbc.SqlScriptsTestExecutionListener]
01:23:45.105 [Test worker] DEBUG org.springframework.boot.test.context.SpringBootTestContextBootstrapper - Skipping candidate TestExecutionListener [org.springframework.test.context.transaction.TransactionalTestExecutionListener] due to a missing dependency. Specify custom listener classes or make the default listener classes and their required dependencies available. Offending class: [org/springframework/transaction/interceptor/TransactionAttributeSource]
01:23:45.105 [Test worker] DEBUG org.springframework.boot.test.context.SpringBootTestContextBootstrapper - Skipping candidate TestExecutionListener [org.springframework.test.context.jdbc.SqlScriptsTestExecutionListener] due to a missing dependency. Specify custom listener classes or make the default listener classes and their required dependencies available. Offending class: [org/springframework/transaction/interceptor/TransactionAttribute]
01:23:45.106 [Test worker] INFO org.springframework.boot.test.context.SpringBootTestContextBootstrapper - Using TestExecutionListeners: [org.springframework.test.context.web.ServletTestExecutionListener@5fa5217c, org.springframework.test.context.support.DirtiesContextBeforeModesTestExecutionListener@276ea413, org.springframework.boot.test.mock.mockito.MockitoTestExecutionListener@44345fb3, org.springframework.boot.test.autoconfigure.SpringBootDependencyInjectionTestExecutionListener@19c5f4fd, org.springframework.test.context.support.DirtiesContextTestExecutionListener@6f9d9878, org.springframework.boot.test.autoconfigure.restdocs.RestDocsTestExecutionListener@3d81f7a4, org.springframework.boot.test.autoconfigure.web.client.MockRestServiceServerResetTestExecutionListener@5baeee60, org.springframework.boot.test.autoconfigure.web.servlet.MockMvcPrintOnlyOnFailureTestExecutionListener@6dfa9bf4, org.springframework.boot.test.autoconfigure.web.servlet.WebDriverTestExecutionListener@6ea7906b, org.springframework.boot.test.mock.mockito.ResetMocksTestExecutionListener@5c2976cc]
01:23:45.108 [Test worker] DEBUG org.springframework.test.annotation.ProfileValueUtils - Retrieved @ProfileValueSourceConfiguration [null] for test class [hello.GreetingControllerTests]
01:23:45.108 [Test worker] DEBUG org.springframework.test.annotation.ProfileValueUtils - Retrieved ProfileValueSource type [class org.springframework.test.annotation.SystemProfileValueSource] for class [hello.GreetingControllerTests]
01:23:45.109 [Test worker] DEBUG org.springframework.test.annotation.ProfileValueUtils - Retrieved @ProfileValueSourceConfiguration [null] for test class [hello.GreetingControllerTests]
01:23:45.109 [Test worker] DEBUG org.springframework.test.annotation.ProfileValueUtils - Retrieved ProfileValueSource type [class org.springframework.test.annotation.SystemProfileValueSource] for class [hello.GreetingControllerTests]
01:23:45.113 [Test worker] DEBUG org.springframework.test.context.support.AbstractDirtiesContextTestExecutionListener - Before test class: context [DefaultTestContext@467b9e1b testClass = GreetingControllerTests, testInstance = [null], testMethod = [null], testException = [null], mergedContextConfiguration = [WebMergedContextConfiguration@692bc586 testClass = GreetingControllerTests, locations = '{}', classes = '{class hello.Application}', contextInitializerClasses = '[]', activeProfiles = '{}', propertySourceLocations = '{}', propertySourceProperties = '{org.springframework.boot.test.context.SpringBootTestContextBootstrapper=true}', contextCustomizers = set[org.springframework.boot.test.autoconfigure.properties.PropertyMappingContextCustomizer@e7e8512, org.springframework.boot.test.autoconfigure.web.servlet.WebDriverContextCustomizerFactory$Customizer@269c3ba5, [ImportsContextCustomizer@13eddce2 key = [org.springframework.boot.test.autoconfigure.web.servlet.MockMvcAutoConfiguration, org.springframework.boot.test.autoconfigure.web.servlet.MockMvcSecurityAutoConfiguration, org.springframework.boot.test.autoconfigure.web.servlet.MockMvcWebClientAutoConfiguration, org.springframework.boot.test.autoconfigure.web.servlet.MockMvcWebDriverAutoConfiguration]], org.springframework.boot.test.context.filter.ExcludeFilterContextCustomizer@5b65ecf1, org.springframework.boot.test.json.DuplicateJsonObjectContextCustomizerFactory$DuplicateJsonObjectContextCustomizer@15109252, org.springframework.boot.test.mock.mockito.MockitoContextCustomizer@0, org.springframework.boot.test.web.client.TestRestTemplateContextCustomizer@37c90f7d], resourceBasePath = 'src/main/webapp', contextLoader = 'org.springframework.boot.test.context.SpringBootContextLoader', parent = [null]], attributes = map['org.springframework.test.context.web.ServletTestExecutionListener.activateListener' -> true]], class annotated with @DirtiesContext [false] with mode [null].
01:23:45.114 [Test worker] DEBUG org.springframework.test.annotation.ProfileValueUtils - Retrieved @ProfileValueSourceConfiguration [null] for test class [hello.GreetingControllerTests]
01:23:45.114 [Test worker] DEBUG org.springframework.test.annotation.ProfileValueUtils - Retrieved ProfileValueSource type [class org.springframework.test.annotation.SystemProfileValueSource] for class [hello.GreetingControllerTests]
01:23:45.129 [Test worker] DEBUG org.springframework.core.env.StandardEnvironment - Adding PropertySource 'systemProperties' with lowest search precedence
01:23:45.129 [Test worker] DEBUG org.springframework.core.env.StandardEnvironment - Adding PropertySource 'systemEnvironment' with lowest search precedence
01:23:45.129 [Test worker] DEBUG org.springframework.core.env.StandardEnvironment - Initialized StandardEnvironment with PropertySources [MapPropertySource@1154841842 {name='systemProperties', properties={sun.desktop=windows, awt.toolkit=sun.awt.windows.WToolkit, java.specification.version=9, file.encoding.pkg=sun.io, sun.cpu.isalist=amd64, sun.jnu.encoding=Cp1252, org.gradle.test.worker=1, java.class.path=C:\\Users\\Admin\\.gradle\\caches\\4.6\\workerMain\\gradle-worker.jar;C:\\Users\\Admin\\IdeaProjects\\gs-rest-service-master\\complete\\build\\classes\\java\\test;C:\\Users\\Admin\\IdeaProjects\\gs-rest-service-master\\complete\\build\\resources\\test;C:\\Users\\Admin\\IdeaProjects\\gs-rest-service-master\\complete\\build\\classes\\java\\main;C:\\Users\\Admin\\IdeaProjects\\gs-rest-service-master\\complete\\build\\resources\\main;C:\\Users\\Admin\\.gradle\\caches\\modules-2\\files-2.1\\org.springframework.boot\\spring-boot-starter-web\\2.0.2.RELEASE\\b6ef0cf4d0a7c6c7e93ff524b84cd1d8f87f67d9\\spring-boot-starter-web-2.0.2.RELEASE.jar;C:\\Users\\Admin\\.gradle\\caches\\modules-2\\files-2.1\\org.springframework.boot\\spring-boot-starter-test\\2.0.2.RELEASE\\d9e090412f318586e0f277e24740b79b58ef190b\\spring-boot-starter-test-2.0.2.RELEASE.jar;C:\\Users\\Admin\\.gradle\\caches\\modules-2\\files-2.1\\com.jayway.jsonpath\\json-path\\2.4.0\\765a4401ceb2dc8d40553c2075eb80a8fa35c2ae\\json-path-2.4.0.jar;C:\\Users\\Admin\\.gradle\\caches\\modules-2\\files-2.1\\org.springframework.boot\\spring-boot-starter-json\\2.0.2.RELEASE\\5edda979838ced5314b8f58a958fe9d6b4b3badd\\spring-boot-starter-json-2.0.2.RELEASE.jar;C:\\Users\\Admin\\.gradle\\caches\\modules-2\\files-2.1\\org.springframework.boot\\spring-boot-starter\\2.0.2.RELEASE\\1cda94f0dfcf2b065191782a54b84d2abf96391\\spring-boot-starter-2.0.2.RELEASE.jar;C:\\Users\\Admin\\.gradle\\caches\\modules-2\\files-2.1\\org.springframework.boot\\spring-boot-starter-tomcat\\2.0.2.RELEASE\\cedbfb18762e1c220007c768bfc5b773f5b30f8a\\spring-boot-starter-tomcat-2.0.2.RELEASE.jar;C:\\Users\\Admin\\.gradle\\caches\\modules-2\\files-2.1\\org.hibernate.validator\\hibernate-validator\\6.0.9.Final\\b149e4cce82379f11f6129eb3187ca8ae5404005\\hibernate-validator-6.0.9.Final.jar;C:\\Users\\Admin\\.gradle\\caches\\modules-2\\files-2.1\\org.springframework\\spring-webmvc\\5.0.6.RELEASE\\1361c5d1cf46665ee01de5dc1ca447c3be174c19\\spring-webmvc-5.0.6.RELEASE.jar;C:\\Users\\Admin\\.gradle\\caches\\modules-2\\files-2.1\\org.springframework\\spring-web\\5.0.6.RELEASE\\89e89de3025165998118590613aedc6df8d64af6\\spring-web-5.0.6.RELEASE.jar;C:\\Users\\Admin\\.gradle\\caches\\modules-2\\files-2.1\\org.springframework.boot\\spring-boot-test-autoconfigure\\2.0.2.RELEASE\\4993bdd96a4c02bc5b5703862d99ef4c563f25d0\\spring-boot-test-autoconfigure-2.0.2.RELEASE.jar;C:\\Users\\Admin\\.gradle\\caches\\modules-2\\files-2.1\\org.springframework.boot\\spring-boot-test\\2.0.2.RELEASE\\fc85812e6543312a3b0ea9fbbdfd4a51183380a3\\spring-boot-test-2.0.2.RELEASE.jar;C:\\Users\\Admin\\.gradle\\caches\\modules-2\\files-2.1\\junit\\junit\\4.12\\2973d150c0dc1fefe998f834810d68f278ea58ec\\junit-4.12.jar;C:\\Users\\Admin\\.gradle\\caches\\modules-2\\files-2.1\\org.assertj\\assertj-core\\3.9.1\\c5ce126b15f28d56cd8f960c1a6a058b9c9aea87\\assertj-core-3.9.1.jar;C:\\Users\\Admin\\.gradle\\caches\\modules-2\\files-2.1\\org.mockito\\mockito-core\\2.15.0\\b84bfbbc29cd22c9529409627af6ea2897f4fa85\\mockito-core-2.15.0.jar;C:\\Users\\Admin\\.gradle\\caches\\modules-2\\files-2.1\\org.hamcrest\\hamcrest-library\\1.3\\4785a3c21320980282f9f33d0d1264a69040538f\\hamcrest-library-1.3.jar;C:\\Users\\Admin\\.gradle\\caches\\modules-2\\files-2.1\\org.hamcrest\\hamcrest-core\\1.3\\42a25dc3219429f0e5d060061f71acb49bf010a0\\hamcrest-core-1.3.jar;C:\\Users\\Admin\\.gradle\\caches\\modules-2\\files-2.1\\org.skyscreamer\\jsonassert\\1.5.0\\6c9d5fe2f59da598d9aefc1cfc6528ff3cf32df3\\jsonassert-1.5.0.jar;C:\\Users\\Admin\\.gradle\\caches\\modules-2\\files-2.1\\org.springframework\\spring-test\\5.0.6.RELEASE\\dbc99b288774b2e07d94bc14fe38d556bc3ed34a\\spring-test-5.0.6.RELEASE.jar;C:\\Users\\Admin\\.gradle\\caches\\modules-2\\files-2.1\\org.springframework.boot\\spring-boot-autoconfigure\\2.0.2.RELEASE\\f4b25e753e4955337a138d8b1550236b5efe5b3b\\spring-boot-autoconfigure-2.0.2.RELEASE.jar;C:\\Users\\Admin\\.gradle\\caches\\modules-2\\files-2.1\\org.springframework.boot\\spring-boot\\2.0.2.RELEASE\\15012cf02e9f77938244e554f0598535fdd1cb38\\spring-boot-2.0.2.RELEASE.jar;C:\\Users\\Admin\\.gradle\\caches\\modules-2\\files-2.1\\org.springframework\\spring-context\\5.0.6.RELEASE\\8b73b742ef0ddce04f0f1068f305de240b00ce0d\\spring-context-5.0.6.RELEASE.jar;C:\\Users\\Admin\\.gradle\\caches\\modules-2\\files-2.1\\org.springframework\\spring-expression\\5.0.6.RELEASE\\dec57ae5e6f0dfd4c6cfc199aa13ed268c3e1a65\\spring-expression-5.0.6.RELEASE.jar;C:\\Users\\Admin\\.gradle\\caches\\modules-2\\files-2.1\\org.springframework\\spring-aop\\5.0.6.RELEASE\\74078df698992054c1c1a8f705763a6c7b4b914c\\spring-aop-5.0.6.RELEASE.jar;C:\\Users\\Admin\\.gradle\\caches\\modules-2\\files-2.1\\org.springframework\\spring-beans\\5.0.6.RELEASE\\d609b83cd8a71650a70778cf8d02c9a05b9161fe\\spring-beans-5.0.6.RELEASE.jar;C:\\Users\\Admin\\.gradle\\caches\\modules-2\\files-2.1\\org.springframework\\spring-core\\5.0.6.RELEASE\\984a52455b1be596b7f1a29f62d21d2f483eb764\\spring-core-5.0.6.RELEASE.jar;C:\\Users\\Admin\\.gradle\\caches\\modules-2\\files-2.1\\org.xmlunit\\xmlunit-core\\2.5.1\\4ffdb346572a7356f7521cd3119ce5287d2e339d\\xmlunit-core-2.5.1.jar;C:\\Users\\Admin\\.gradle\\caches\\modules-2\\files-2.1\\net.minidev\\json-smart\\2.3\\7396407491352ce4fa30de92efb158adb76b5b\\json-smart-2.3.jar;C:\\Users\\Admin\\.gradle\\caches\\modules-2\\files-2.1\\org.springframework.boot\\spring-boot-starter-logging\\2.0.2.RELEASE\\b56d7d1931792d6e58dbd41f956912359ba85238\\spring-boot-starter-logging-2.0.2.RELEASE.jar;C:\\Users\\Admin\\.gradle\\caches\\modules-2\\files-2.1\\ch.qos.logback\\logback-classic\\1.2.3\\7c4f3c474fb2c041d8028740440937705ebb473a\\logback-classic-1.2.3.jar;C:\\Users\\Admin\\.gradle\\caches\\modules-2\\files-2.1\\org.apache.logging.log4j\\log4j-to-slf4j\\2.10.0\\f7e631ccf49cfc0aefa4a2a728da7d374c05bd3c\\log4j-to-slf4j-2.10.0.jar;C:\\Users\\Admin\\.gradle\\caches\\modules-2\\files-2.1\\org.slf4j\\jul-to-slf4j\\1.7.25\\af5364cd6679bfffb114f0dec8a157aaa283b76\\jul-to-slf4j-1.7.25.jar;C:\\Users\\Admin\\.gradle\\caches\\modules-2\\files-2.1\\org.slf4j\\slf4j-api\\1.7.25\\da76ca59f6a57ee3102f8f9bd9cee742973efa8a\\slf4j-api-1.7.25.jar;C:\\Users\\Admin\\.gradle\\caches\\modules-2\\files-2.1\\javax.annotation\\javax.annotation-api\\1.3.2\\934c04d3cfef185a8008e7bf34331b79730a9d43\\javax.annotation-api-1.3.2.jar;C:\\Users\\Admin\\.gradle\\caches\\modules-2\\files-2.1\\org.yaml\\snakeyaml\\1.19\\2d998d3d674b172a588e54ab619854d073f555b5\\snakeyaml-1.19.jar;C:\\Users\\Admin\\.gradle\\caches\\modules-2\\files-2.1\\com.fasterxml.jackson.datatype\\jackson-datatype-jdk8\\2.9.5\\23e37f085279ba316c0df923513b81609e1d1f6\\jackson-datatype-jdk8-2.9.5.jar;C:\\Users\\Admin\\.gradle\\caches\\modules-2\\files-2.1\\com.fasterxml.jackson.datatype\\jackson-datatype-jsr310\\2.9.5\\d1f0d11e816bc04e222a261106ca138801841c2d\\jackson-datatype-jsr310-2.9.5.jar;C:\\Users\\Admin\\.gradle\\caches\\modules-2\\files-2.1\\com.fasterxml.jackson.module\\jackson-module-parameter-names\\2.9.5\\f824c60751ffb7bfc3a0d30dfe0e42317d8e67f5\\jackson-module-parameter-names-2.9.5.jar;C:\\Users\\Admin\\.gradle\\caches\\modules-2\\files-2.1\\com.fasterxml.jackson.core\\jackson-databind\\2.9.5\\3490508379d065fe3fcb80042b62f630f7588606\\jackson-databind-2.9.5.jar;C:\\Users\\Admin\\.gradle\\caches\\modules-2\\files-2.1\\org.apache.tomcat.embed\\tomcat-embed-websocket\\8.5.31\\6564e716b89de5eaa0dd234ae7989576503ddf3\\tomcat-embed-websocket-8.5.31.jar;C:\\Users\\Admin\\.gradle\\caches\\modules-2\\files-2.1\\org.apache.tomcat.embed\\tomcat-embed-core\\8.5.31\\f5adf7ed8c34aa005b22b6a2dc7b6796e10e9c79\\tomcat-embed-core-8.5.31.jar;C:\\Users\\Admin\\.gradle\\caches\\modules-2\\files-2.1\\org.apache.tomcat.embed\\tomcat-embed-el\\8.5.31\\3a536e1ac71b82627c3a7408eb38fa0704cb9034\\tomcat-embed-el-8.5.31.jar;C:\\Users\\Admin\\.gradle\\caches\\modules-2\\files-2.1\\javax.validation\\validation-api\\2.0.1.Final\\cb855558e6271b1b32e716d24cb85c7f583ce09e\\validation-api-2.0.1.Final.jar;C:\\Users\\Admin\\.gradle\\caches\\modules-2\\files-2.1\\org.jboss.logging\\jboss-logging\\3.3.2.Final\\3789d00e859632e6c6206adc0c71625559e6e3b0\\jboss-logging-3.3.2.Final.jar;C:\\Users\\Admin\\.gradle\\caches\\modules-2\\files-2.1\\com.fasterxml\\classmate\\1.3.4\\3d5f48f10bbe4eb7bd862f10c0583be2e0053c6\\classmate-1.3.4.jar;C:\\Users\\Admin\\.gradle\\caches\\modules-2\\files-2.1\\net.bytebuddy\\byte-buddy\\1.7.11\\f02857a4e2c66ccbe7aaad6100a0a6c461bce9b3\\byte-buddy-1.7.11.jar;C:\\Users\\Admin\\.gradle\\caches\\modules-2\\files-2.1\\net.bytebuddy\\byte-buddy-agent\\1.7.11\\b425a8933ca07edd03c6dbc8bc3b595fba9780de\\byte-buddy-agent-1.7.11.jar;C:\\Users\\Admin\\.gradle\\caches\\modules-2\\files-2.1\\org.objenesis\\objenesis\\2.6\\639033469776fd37c08358c6b92a4761feb2af4b\\objenesis-2.6.jar;C:\\Users\\Admin\\.gradle\\caches\\modules-2\\files-2.1\\com.vaadin.external.google\\android-json\\0.0.20131108.vaadin1\\fa26d351fe62a6a17f5cda1287c1c6110dec413f\\android-json-0.0.20131108.vaadin1.jar;C:\\Users\\Admin\\.gradle\\caches\\modules-2\\files-2.1\\org.springframework\\spring-jcl\\5.0.6.RELEASE\\295ee4e8657e9c1fd327735c01d5fbce339cc44d\\spring-jcl-5.0.6.RELEASE.jar;C:\\Users\\Admin\\.gradle\\caches\\modules-2\\files-2.1\\net.minidev\\accessors-smart\\1.2\\c592b500269bfde36096641b01238a8350f8aa31\\accessors-smart-1.2.jar;C:\\Users\\Admin\\.gradle\\caches\\modules-2\\files-2.1\\com.fasterxml.jackson.core\\jackson-annotations\\2.9.0\\7c10d545325e3a6e72e06381afe469fd40eb701\\jackson-annotations-2.9.0.jar;C:\\Users\\Admin\\.gradle\\caches\\modules-2\\files-2.1\\com.fasterxml.jackson.core\\jackson-core\\2.9.5\\a22ac51016944b06fd9ffbc9541c6e7ce5eea117\\jackson-core-2.9.5.jar;C:\\Users\\Admin\\.gradle\\caches\\modules-2\\files-2.1\\org.ow2.asm\\asm\\5.0.4\\da08b8cce7bbf903602a25a3a163ae252435795\\asm-5.0.4.jar;C:\\Users\\Admin\\.gradle\\caches\\modules-2\\files-2.1\\ch.qos.logback\\logback-core\\1.2.3\\864344400c3d4d92dfeb0a305dc87d953677c03c\\logback-core-1.2.3.jar;C:\\Users\\Admin\\.gradle\\caches\\modules-2\\files-2.1\\org.apache.logging.log4j\\log4j-api\\2.10.0\\fec5797a55b786184a537abd39c3fa1449d752d6\\log4j-api-2.10.0.jar, java.vm.vendor=Oracle Corporation, sun.arch.data.model=64, user.variant=, java.vendor.url=http://java.oracle.com/, user.timezone=America/Los_Angeles, os.name=Windows 10, java.vm.specification.version=9, user.country=US, sun.java.launcher=SUN_STANDARD, sun.boot.library.path=C:\Program Files\Java\jdk-9.0.4\bin, sun.java.command=worker.org.gradle.process.internal.worker.GradleWorkerMain 'Gradle Test Executor 1', jdk.debug=release, sun.cpu.endian=little, user.home=C:\Users\Admin, user.language=en, java.specification.vendor=Oracle Corporation, org.gradle.native=false, java.home=C:\Program Files\Java\jdk-9.0.4, file.separator=\, java.vm.compressedOopsMode=Zero based, line.separator=
, java.specification.name=Java Platform API Specification, java.vm.specification.vendor=Oracle Corporation, java.awt.graphicsenv=sun.awt.Win32GraphicsEnvironment, user.script=, sun.management.compiler=HotSpot 64-Bit Tiered Compilers, java.runtime.version=9.0.4+11, user.name=Admin, path.separator=;, os.version=10.0, java.runtime.name=Java(TM) SE Runtime Environment, file.encoding=windows-1252, java.vm.name=Java HotSpot(TM) 64-Bit Server VM, java.vendor.url.bug=http://bugreport.java.com/bugreport/, java.io.tmpdir=C:\Users\Admin\AppData\Local\Temp\, java.version=9.0.4, user.dir=C:\Users\Admin\IdeaProjects\gs-rest-service-master\complete, os.arch=amd64, java.vm.specification.name=Java Virtual Machine Specification, java.awt.printerjob=sun.awt.windows.WPrinterJob, sun.os.patch.level=, java.library.path=C:\Program Files\Java\jdk-9.0.4\bin;C:\WINDOWS\Sun\Java\bin;C:\WINDOWS\system32;C:\WINDOWS;C:\Program Files (x86)\Intel\iCLS Client\;C:\Program Files\Intel\iCLS Client\;C:\WINDOWS\system32;C:\WINDOWS;C:\WINDOWS\System32\Wbem;C:\WINDOWS\System32\WindowsPowerShell\v1.0\;C:\Program Files (x86)\Intel\Intel(R) Management Engine Components\DAL;C:\Program Files\Intel\Intel(R) Management Engine Components\DAL;C:\Program Files (x86)\Intel\Intel(R) Management Engine Components\IPT;C:\Program Files\Intel\Intel(R) Management Engine Components\IPT;C:\Program Files\Intel\WiFi\bin\;C:\Program Files\Common Files\Intel\WirelessCommon\;C:\Program Files\Java\jdk-9.0.4\bin\;C:\Program Files\Git\cmd;C:\Program Files\Git\mingw64\bin;C:\Program Files\Git\usr\bin;C:\Program Files\nodejs\;C:\Program Files\PuTTY\;C:\Users\Admin\AppData\Local\Microsoft\WindowsApps;C:\Users\Admin\AppData\Local\Android\Sdk\platform-tools;C:\Users\Admin\AppData\Local\Android\Sdk\tools;C:\Users\Admin\AppData\Roaming\npm;., java.vm.info=mixed mode, java.vendor=Oracle Corporation, java.vm.version=9.0.4+11, sun.io.unicode.encoding=UnicodeLittle, java.class.version=53.0}}, SystemEnvironmentPropertySource@1423048010 {name='systemEnvironment', properties={configsetroot=C:\WINDOWS\ConfigSetRoot, USERDOMAIN_ROAMINGPROFILE=LAPTOP-65D7E0RR, PROCESSOR_LEVEL=6, SESSIONNAME=Console, ALLUSERSPROFILE=C:\ProgramData, PROCESSOR_ARCHITECTURE=AMD64, ANDROID_HOME=C:\Users\Admin\AppData\Local\Android\Sdk, PSModulePath=C:\Program Files\WindowsPowerShell\Modules;C:\WINDOWS\system32\WindowsPowerShell\v1.0\Modules, SystemDrive=C:, =ExitCode=00000000, DIRNAME=C:\Users\Admin\IdeaProjects\gs-rest-service-master\complete\, USERNAME=Admin, CMD_LINE_ARGS=build, ProgramFiles(x86)=C:\Program Files (x86), APP_HOME=C:\Users\Admin\IdeaProjects\gs-rest-service-master\complete\, PATHEXT=.COM;.EXE;.BAT;.CMD;.VBS;.VBE;.JS;.JSE;.WSF;.WSH;.MSC, javapath=C:\Program Files\Java\jdk-9.0.4\bin, UOIPME_REG_PATH=C:\Program Files\Intel Corporation\USB over IP, ProgramData=C:\ProgramData, ProgramW6432=C:\Program Files, HOMEPATH=\Users\Admin, PROCESSOR_IDENTIFIER=Intel64 Family 6 Model 60 Stepping 3, GenuineIntel, ProgramFiles=C:\Program Files, PUBLIC=C:\Users\Public, windir=C:\WINDOWS, =::=::\, _SKIP=2, LOCALAPPDATA=C:\Users\Admin\AppData\Local, USERDOMAIN=LAPTOP-65D7E0RR, LOGONSERVER=\\LAPTOP-65D7E0RR, JAVA_HOME=C:\Program Files\Java\jdk-9.0.4, PROMPT=$P$G, OneDrive=C:\Users\Admin\OneDrive, =C:=C:\Users\Admin\IdeaProjects\gs-rest-service-master\complete, APPDATA=C:\Users\Admin\AppData\Roaming, JAVA_EXE=C:\Program Files\Java\jdk-9.0.4/bin/java.exe, CommonProgramFiles=C:\Program Files\Common Files, Path=C:\Program Files (x86)\Intel\iCLS Client\;C:\Program Files\Intel\iCLS Client\;C:\WINDOWS\system32;C:\WINDOWS;C:\WINDOWS\System32\Wbem;C:\WINDOWS\System32\WindowsPowerShell\v1.0\;C:\Program Files (x86)\Intel\Intel(R) Management Engine Components\DAL;C:\Program Files\Intel\Intel(R) Management Engine Components\DAL;C:\Program Files (x86)\Intel\Intel(R) Management Engine Components\IPT;C:\Program Files\Intel\Intel(R) Management Engine Components\IPT;C:\Program Files\Intel\WiFi\bin\;C:\Program Files\Common Files\Intel\WirelessCommon\;C:\Program Files\Java\jdk-9.0.4\bin\;C:\Program Files\Git\cmd;C:\Program Files\Git\mingw64\bin;C:\Program Files\Git\usr\bin;C:\Program Files\nodejs\;C:\Program Files\PuTTY\;C:\Users\Admin\AppData\Local\Microsoft\WindowsApps;C:\Users\Admin\AppData\Local\Android\Sdk\platform-tools;C:\Users\Admin\AppData\Local\Android\Sdk\tools;C:\Users\Admin\AppData\Roaming\npm, OS=Windows_NT, COMPUTERNAME=LAPTOP-65D7E0RR, PROCESSOR_REVISION=3c03, CLASSPATH=C:\Users\Admin\IdeaProjects\gs-rest-service-master\complete\\gradle\wrapper\gradle-wrapper.jar, CommonProgramW6432=C:\Program Files\Common Files, ComSpec=C:\WINDOWS\system32\cmd.exe, APP_BASE_NAME=gradlew, SystemRoot=C:\WINDOWS, TEMP=C:\Users\Admin\AppData\Local\Temp, HOMEDRIVE=C:, USERPROFILE=C:\Users\Admin, TMP=C:\Users\Admin\AppData\Local\Temp, CommonProgramFiles(x86)=C:\Program Files (x86)\Common Files, NUMBER_OF_PROCESSORS=8, HOME=C:\Users\Admin, ANDROID_AVD_HOME=C:\Users\Admin\.android\avd}}]
01:23:45.132 [Test worker] DEBUG org.springframework.test.context.support.TestPropertySourceUtils - Adding inlined properties to environment: {spring.jmx.enabled=false, org.springframework.boot.test.context.SpringBootTestContextBootstrapper=true, server.port=-1}
01:23:45.132 [Test worker] DEBUG org.springframework.core.env.StandardEnvironment - Adding PropertySource 'Inlined Test Properties' with highest search precedence

  .   ____          _            __ _ _
 /\\ / ___'_ __ _ _(_)_ __  __ _ \ \ \ \
( ( )\___ | '_ | '_| | '_ \/ _` | \ \ \ \
 \\/  ___)| |_)| | | | | || (_| |  ) ) ) )
  '  |____| .__|_| |_|_| |_\__, | / / / /
 =========|_|==============|___/=/_/_/_/
 :: Spring Boot ::        (v2.0.2.RELEASE)

2018-05-16 01:23:45.409  INFO 19724 --- [    Test worker] hello.GreetingControllerTests            : Starting GreetingControllerTests on LAPTOP-65D7E0RR with PID 19724 (started by Admin in C:\Users\Admin\IdeaProjects\gs-rest-service-master\complete)
2018-05-16 01:23:45.410  INFO 19724 --- [    Test worker] hello.GreetingControllerTests            : No active profile set, falling back to default profiles: default
2018-05-16 01:23:45.435  INFO 19724 --- [    Test worker] o.s.w.c.s.GenericWebApplicationContext   : Refreshing org.springframework.web.context.support.GenericWebApplicationContext@729401a4: startup date [Wed May 16 01:23:45 PDT 2018]; root of context hierarchy
2018-05-16 01:23:46.615  INFO 19724 --- [    Test worker] o.s.w.s.handler.SimpleUrlHandlerMapping  : Mapped URL path [/**/favicon.ico] onto handler of type [class org.springframework.web.servlet.resource.ResourceHttpRequestHandler]
2018-05-16 01:23:46.819  INFO 19724 --- [    Test worker] s.w.s.m.m.a.RequestMappingHandlerAdapter : Looking for @ControllerAdvice: org.springframework.web.context.support.GenericWebApplicationContext@729401a4: startup date [Wed May 16 01:23:45 PDT 2018]; root of context hierarchy
2018-05-16 01:23:46.886  INFO 19724 --- [    Test worker] s.w.s.m.m.a.RequestMappingHandlerMapping : Mapped "{[/greeting]}" onto public hello.Greeting hello.GreetingController.greeting(java.lang.String)
2018-05-16 01:23:46.889  INFO 19724 --- [    Test worker] s.w.s.m.m.a.RequestMappingHandlerMapping : Mapped "{[/error]}" onto public org.springframework.http.ResponseEntity<java.util.Map<java.lang.String, java.lang.Object>> org.springframework.boot.autoconfigure.web.servlet.error.BasicErrorController.error(javax.servlet.http.HttpServletRequest)
2018-05-16 01:23:46.890  INFO 19724 --- [    Test worker] s.w.s.m.m.a.RequestMappingHandlerMapping : Mapped "{[/error],produces=[text/html]}" onto public org.springframework.web.servlet.ModelAndView org.springframework.boot.autoconfigure.web.servlet.error.BasicErrorController.errorHtml(javax.servlet.http.HttpServletRequest,javax.servlet.http.HttpServletResponse)
2018-05-16 01:23:46.912  INFO 19724 --- [    Test worker] o.s.w.s.handler.SimpleUrlHandlerMapping  : Mapped URL path [/webjars/**] onto handler of type [class org.springframework.web.servlet.resource.ResourceHttpRequestHandler]
2018-05-16 01:23:46.913  INFO 19724 --- [    Test worker] o.s.w.s.handler.SimpleUrlHandlerMapping  : Mapped URL path [/**] onto handler of type [class org.springframework.web.servlet.resource.ResourceHttpRequestHandler]
2018-05-16 01:23:47.067  INFO 19724 --- [    Test worker] o.s.b.t.m.w.SpringBootMockServletContext : Initializing Spring FrameworkServlet ''
2018-05-16 01:23:47.067  INFO 19724 --- [    Test worker] o.s.t.web.servlet.TestDispatcherServlet  : FrameworkServlet '': initialization started
2018-05-16 01:23:47.081  INFO 19724 --- [    Test worker] o.s.t.web.servlet.TestDispatcherServlet  : FrameworkServlet '': initialization completed in 13 ms
2018-05-16 01:23:47.128  INFO 19724 --- [    Test worker] hello.GreetingControllerTests            : Started GreetingControllerTests in 1.986 seconds (JVM running for 3.097)

MockHttpServletRequest:
      HTTP Method = GET
      Request URI = /greeting
       Parameters = {}
          Headers = {}
             Body = null
    Session Attrs = {}

Handler:
             Type = hello.GreetingController
           Method = public hello.Greeting hello.GreetingController.greeting(java.lang.String)

Async:
    Async started = false
     Async result = null

Resolved Exception:
             Type = null

ModelAndView:
        View name = null
             View = null
            Model = null

FlashMap:
       Attributes = null

MockHttpServletResponse:
           Status = 200
    Error message = null
          Headers = {Content-Type=[application/json;charset=UTF-8]}
     Content type = application/json;charset=UTF-8
             Body = {"id":1,"content":"Hello, World!"}
    Forwarded URL = null
   Redirected URL = null
          Cookies = []

MockHttpServletRequest:
      HTTP Method = GET
      Request URI = /greeting
       Parameters = {name=[Spring Community]}
          Headers = {}
             Body = null
    Session Attrs = {}

Handler:
             Type = hello.GreetingController
           Method = public hello.Greeting hello.GreetingController.greeting(java.lang.String)

Async:
    Async started = false
     Async result = null

Resolved Exception:
             Type = null

ModelAndView:
        View name = null
             View = null
            Model = null

FlashMap:
       Attributes = null

MockHttpServletResponse:
           Status = 200
    Error message = null
          Headers = {Content-Type=[application/json;charset=UTF-8]}
     Content type = application/json;charset=UTF-8
             Body = {"id":2,"content":"Hello, Spring Community!"}
    Forwarded URL = null
   Redirected URL = null
          Cookies = []
]]></system-out>
  <system-err><![CDATA[]]></system-err>
</testsuite>
